0 info it worked if it ends with ok
1 verbose cli [ 'node', '/usr/local/bin/npm', 'run', 'start' ]
2 info using npm@3.3.4
3 info using node@v0.12.6
4 verbose run-script [ 'prestart', 'start', 'poststart' ]
5 info lifecycle deployek@0.0.1~prestart: deployek@0.0.1
6 silly lifecycle deployek@0.0.1~prestart: no script for prestart, continuing
7 info lifecycle deployek@0.0.1~start: deployek@0.0.1
8 verbose lifecycle deployek@0.0.1~start: unsafe-perm in lifecycle true
9 verbose lifecycle deployek@0.0.1~start: PATH: /usr/local/lib/node_modules/npm/bin/node-gyp-bin:/Users/colin/Projects/rentpath/deployek-gui/node_modules/.bin:/usr/local/lib/node_modules/npm/bin/node-gyp-bin:/Users/colin/Projects/rentpath/deployek-gui/node_modules/.bin:/Users/colin/.gem/ruby/2.2.2/bin:/Users/colin/.rubies/ruby-2.2.2/lib/ruby/gems/2.2.0/bin:/Users/colin/.rubies/ruby-2.2.2/bin:/Users/colin/.bin:.git/safe/../../bin:/usr/local/share/npm/bin:/Users/colin/Projects/gocode/bin:/usr/local/bin:/usr/bin:/bin:/usr/sbin:/sbin:/opt/X11/bin:/usr/local/MacGPG2/bin:/Library/TeX/texbin:/Users/colin/Projects/rentpath/idg/bin
10 verbose lifecycle deployek@0.0.1~start: CWD: /Users/colin/Projects/rentpath/deployek-gui
11 silly lifecycle deployek@0.0.1~start: Args: [ '-c', 'NODE_PATH=$NODE_PATH:./shared node --harmony .' ]
12 silly lifecycle deployek@0.0.1~start: Returned: code: 1  signal: null
13 info lifecycle deployek@0.0.1~start: Failed to exec start script
14 verbose stack Error: deployek@0.0.1 start: `NODE_PATH=$NODE_PATH:./shared node --harmony .`
14 verbose stack Exit status 1
14 verbose stack     at EventEmitter.<anonymous> (/usr/local/lib/node_modules/npm/lib/utils/lifecycle.js:233:16)
14 verbose stack     at EventEmitter.emit (events.js:110:17)
14 verbose stack     at ChildProcess.<anonymous> (/usr/local/lib/node_modules/npm/lib/utils/spawn.js:24:14)
14 verbose stack     at ChildProcess.emit (events.js:110:17)
14 verbose stack     at maybeClose (child_process.js:1015:16)
14 verbose stack     at Process.ChildProcess._handle.onexit (child_process.js:1087:5)
15 verbose pkgid deployek@0.0.1
16 verbose cwd /Users/colin/Projects/rentpath/deployek-gui
17 error Darwin 14.1.0
18 error argv "node" "/usr/local/bin/npm" "run" "start"
19 error node v0.12.6
20 error npm  v3.3.4
21 error code ELIFECYCLE
22 error deployek@0.0.1 start: `NODE_PATH=$NODE_PATH:./shared node --harmony .`
22 error Exit status 1
23 error Failed at the deployek@0.0.1 start script 'NODE_PATH=$NODE_PATH:./shared node --harmony .'.
23 error This is most likely a problem with the deployek package,
23 error not with npm itself.
23 error Tell the author that this fails on your system:
23 error     NODE_PATH=$NODE_PATH:./shared node --harmony .
23 error You can get their info via:
23 error     npm owner ls deployek
23 error There is likely additional logging output above.
24 verbose exit [ 1, true ]
